2017-05-22 07:11:14,720 [Worker-0] INFO  o.e.m.c.i.l.LifecycleMappingFactory - Using org.maven.ide.eclipse.wtp.WarLifecycleMapping lifecycle mapping for MavenProject: com.arpit.java2blog:JAXRSJsonCRUDExample:0.0.1-SNAPSHOT @ F:\AngularJS Work\CRUD\AngularjsJAXRSCRUDExample-master\AngularjsJAXRSCRUDExample\pom.xml.
2017-05-22 07:11:21,439 [Worker-0] INFO  o.e.m.c.i.e.AbstractTransferListenerAdapter - Downloading https://repo.maven.apache.org/maven2/com/sun/jersey/jersey-servlet/1.18.3/jersey-servlet-1.18.3.pom
2017-05-22 07:11:22,018 [Worker-0] INFO  o.e.m.c.i.e.AbstractTransferListenerAdapter - Downloaded https://repo.maven.apache.org/maven2/com/sun/jersey/jersey-servlet/1.18.3/jersey-servlet-1.18.3.pom
2017-05-22 07:11:22,204 [Worker-0] INFO  o.e.m.c.i.e.AbstractTransferListenerAdapter - Downloading https://repo.maven.apache.org/maven2/com/sun/jersey/jersey-project/1.18.3/jersey-project-1.18.3.pom
2017-05-22 07:11:22,314 [Worker-0] INFO  o.e.m.c.i.e.AbstractTransferListenerAdapter - Downloaded https://repo.maven.apache.org/maven2/com/sun/jersey/jersey-project/1.18.3/jersey-project-1.18.3.pom
2017-05-22 07:11:24,702 [Worker-0] INFO  o.e.m.c.i.e.AbstractTransferListenerAdapter - Downloading https://repo.maven.apache.org/maven2/com/sun/jersey/jersey-server/1.18.3/jersey-server-1.18.3.pom
2017-05-22 07:11:24,864 [Worker-0] INFO  o.e.m.c.i.e.AbstractTransferListenerAdapter - Downloaded https://repo.maven.apache.org/maven2/com/sun/jersey/jersey-server/1.18.3/jersey-server-1.18.3.pom
2017-05-22 07:11:25,082 [Worker-0] INFO  o.e.m.c.i.e.AbstractTransferListenerAdapter - Downloading https://repo.maven.apache.org/maven2/com/sun/jersey/jersey-core/1.18.3/jersey-core-1.18.3.pom
2017-05-22 07:11:25,196 [Worker-0] INFO  o.e.m.c.i.e.AbstractTransferListenerAdapter - Downloaded https://repo.maven.apache.org/maven2/com/sun/jersey/jersey-core/1.18.3/jersey-core-1.18.3.pom
2017-05-22 07:11:25,254 [Worker-0] INFO  o.e.m.c.i.e.AbstractTransferListenerAdapter - Downloading https://repo.maven.apache.org/maven2/com/sun/jersey/jersey-json/1.18.3/jersey-json-1.18.3.pom
2017-05-22 07:11:25,350 [Worker-0] INFO  o.e.m.c.i.e.AbstractTransferListenerAdapter - Downloaded https://repo.maven.apache.org/maven2/com/sun/jersey/jersey-json/1.18.3/jersey-json-1.18.3.pom
2017-05-22 07:11:26,876 [Worker-0] INFO  o.e.m.c.i.e.AbstractTransferListenerAdapter - Downloading https://repo.maven.apache.org/maven2/com/sun/xml/bind/jaxb-impl/2.2.3-1/jaxb-impl-2.2.3-1.pom
2017-05-22 07:11:26,965 [Worker-0] INFO  o.e.m.c.i.e.AbstractTransferListenerAdapter - Downloaded https://repo.maven.apache.org/maven2/com/sun/xml/bind/jaxb-impl/2.2.3-1/jaxb-impl-2.2.3-1.pom
2017-05-22 07:11:29,251 [Worker-0] INFO  o.e.m.c.i.e.AbstractTransferListenerAdapter - Downloading https://repo.maven.apache.org/maven2/javax/xml/bind/jaxb-api/2.2.2/jaxb-api-2.2.2.pom
2017-05-22 07:11:29,297 [Worker-0] INFO  o.e.m.c.i.e.AbstractTransferListenerAdapter - Downloaded https://repo.maven.apache.org/maven2/javax/xml/bind/jaxb-api/2.2.2/jaxb-api-2.2.2.pom
2017-05-22 07:11:33,166 [Worker-0] INFO  o.e.m.c.i.e.AbstractTransferListenerAdapter - Downloading https://repo.maven.apache.org/maven2/org/codehaus/jackson/jackson-core-asl/1.9.2/jackson-core-asl-1.9.2.pom
2017-05-22 07:11:33,209 [Worker-0] INFO  o.e.m.c.i.e.AbstractTransferListenerAdapter - Downloaded https://repo.maven.apache.org/maven2/org/codehaus/jackson/jackson-core-asl/1.9.2/jackson-core-asl-1.9.2.pom
2017-05-22 07:11:33,356 [Worker-0] INFO  o.e.m.c.i.e.AbstractTransferListenerAdapter - Downloading https://repo.maven.apache.org/maven2/org/codehaus/jackson/jackson-mapper-asl/1.9.2/jackson-mapper-asl-1.9.2.pom
2017-05-22 07:11:33,683 [Worker-0] INFO  o.e.m.c.i.e.AbstractTransferListenerAdapter - Downloaded https://repo.maven.apache.org/maven2/org/codehaus/jackson/jackson-mapper-asl/1.9.2/jackson-mapper-asl-1.9.2.pom
2017-05-22 07:11:33,934 [Worker-0] INFO  o.e.m.c.i.e.AbstractTransferListenerAdapter - Downloading https://repo.maven.apache.org/maven2/org/codehaus/jackson/jackson-jaxrs/1.9.2/jackson-jaxrs-1.9.2.pom
2017-05-22 07:11:34,050 [Worker-0] INFO  o.e.m.c.i.e.AbstractTransferListenerAdapter - Downloaded https://repo.maven.apache.org/maven2/org/codehaus/jackson/jackson-jaxrs/1.9.2/jackson-jaxrs-1.9.2.pom
2017-05-22 07:11:34,122 [Worker-0] INFO  o.e.m.c.i.e.AbstractTransferListenerAdapter - Downloading https://repo.maven.apache.org/maven2/org/codehaus/jackson/jackson-xc/1.9.2/jackson-xc-1.9.2.pom
2017-05-22 07:11:34,177 [Worker-0] INFO  o.e.m.c.i.e.AbstractTransferListenerAdapter - Downloaded https://repo.maven.apache.org/maven2/org/codehaus/jackson/jackson-xc/1.9.2/jackson-xc-1.9.2.pom
2017-05-22 07:11:37,271 [Worker-0] INFO  o.e.m.c.i.e.AbstractTransferListenerAdapter - Downloading https://repo.maven.apache.org/maven2/com/sun/jersey/jersey-servlet/1.18.3/jersey-servlet-1.18.3.jar
2017-05-22 07:11:38,173 [Worker-0] INFO  o.e.m.c.i.e.AbstractTransferListenerAdapter - Downloaded https://repo.maven.apache.org/maven2/com/sun/jersey/jersey-servlet/1.18.3/jersey-servlet-1.18.3.jar
2017-05-22 07:11:38,260 [Worker-0] INFO  o.e.m.c.i.e.AbstractTransferListenerAdapter - Downloading https://repo.maven.apache.org/maven2/com/sun/jersey/jersey-server/1.18.3/jersey-server-1.18.3.jar
2017-05-22 07:11:39,721 [Worker-0] INFO  o.e.m.c.i.e.AbstractTransferListenerAdapter - Downloaded https://repo.maven.apache.org/maven2/com/sun/jersey/jersey-server/1.18.3/jersey-server-1.18.3.jar
2017-05-22 07:11:39,793 [Worker-0] INFO  o.e.m.c.i.e.AbstractTransferListenerAdapter - Downloading https://repo.maven.apache.org/maven2/com/sun/jersey/jersey-json/1.18.3/jersey-json-1.18.3.jar
2017-05-22 07:11:40,273 [Worker-0] INFO  o.e.m.c.i.e.AbstractTransferListenerAdapter - Downloaded https://repo.maven.apache.org/maven2/com/sun/jersey/jersey-json/1.18.3/jersey-json-1.18.3.jar
2017-05-22 07:11:40,400 [Worker-0] INFO  o.e.m.c.i.e.AbstractTransferListenerAdapter - Downloading https://repo.maven.apache.org/maven2/com/sun/xml/bind/jaxb-impl/2.2.3-1/jaxb-impl-2.2.3-1.jar
2017-05-22 07:11:42,788 [Worker-0] INFO  o.e.m.c.i.e.AbstractTransferListenerAdapter - Downloaded https://repo.maven.apache.org/maven2/com/sun/xml/bind/jaxb-impl/2.2.3-1/jaxb-impl-2.2.3-1.jar
2017-05-22 07:11:42,894 [Worker-0] INFO  o.e.m.c.i.e.AbstractTransferListenerAdapter - Downloading https://repo.maven.apache.org/maven2/javax/xml/bind/jaxb-api/2.2.2/jaxb-api-2.2.2.jar
2017-05-22 07:11:43,345 [Worker-0] INFO  o.e.m.c.i.e.AbstractTransferListenerAdapter - Downloaded https://repo.maven.apache.org/maven2/javax/xml/bind/jaxb-api/2.2.2/jaxb-api-2.2.2.jar
2017-05-22 07:11:43,433 [Worker-0] INFO  o.e.m.c.i.e.AbstractTransferListenerAdapter - Downloading https://repo.maven.apache.org/maven2/org/codehaus/jackson/jackson-core-asl/1.9.2/jackson-core-asl-1.9.2.jar
2017-05-22 07:11:44,073 [Worker-0] INFO  o.e.m.c.i.e.AbstractTransferListenerAdapter - Downloaded https://repo.maven.apache.org/maven2/org/codehaus/jackson/jackson-core-asl/1.9.2/jackson-core-asl-1.9.2.jar
2017-05-22 07:11:44,213 [Worker-0] INFO  o.e.m.c.i.e.AbstractTransferListenerAdapter - Downloading https://repo.maven.apache.org/maven2/org/codehaus/jackson/jackson-mapper-asl/1.9.2/jackson-mapper-asl-1.9.2.jar
2017-05-22 07:11:47,692 [Worker-0] INFO  o.e.m.c.i.e.AbstractTransferListenerAdapter - Downloaded https://repo.maven.apache.org/maven2/org/codehaus/jackson/jackson-mapper-asl/1.9.2/jackson-mapper-asl-1.9.2.jar
2017-05-22 07:11:47,944 [Worker-0] INFO  o.e.m.c.i.e.AbstractTransferListenerAdapter - Downloading https://repo.maven.apache.org/maven2/org/codehaus/jackson/jackson-jaxrs/1.9.2/jackson-jaxrs-1.9.2.jar
2017-05-22 07:11:48,138 [Worker-0] INFO  o.e.m.c.i.e.AbstractTransferListenerAdapter - Downloaded https://repo.maven.apache.org/maven2/org/codehaus/jackson/jackson-jaxrs/1.9.2/jackson-jaxrs-1.9.2.jar
2017-05-22 07:11:48,258 [Worker-0] INFO  o.e.m.c.i.e.AbstractTransferListenerAdapter - Downloading https://repo.maven.apache.org/maven2/org/codehaus/jackson/jackson-xc/1.9.2/jackson-xc-1.9.2.jar
2017-05-22 07:11:48,515 [Worker-0] INFO  o.e.m.c.i.e.AbstractTransferListenerAdapter - Downloaded https://repo.maven.apache.org/maven2/org/codehaus/jackson/jackson-xc/1.9.2/jackson-xc-1.9.2.jar
2017-05-22 07:11:48,565 [Worker-0] INFO  o.e.m.c.i.e.AbstractTransferListenerAdapter - Downloading https://repo.maven.apache.org/maven2/com/sun/jersey/jersey-core/1.18.3/jersey-core-1.18.3.jar
2017-05-22 07:11:50,058 [Worker-0] INFO  o.e.m.c.i.e.AbstractTransferListenerAdapter - Downloaded https://repo.maven.apache.org/maven2/com/sun/jersey/jersey-core/1.18.3/jersey-core-1.18.3.jar
2017-05-22 07:12:08,883 [Worker-0] WARN  o.e.m.c.i.embedder.EclipseLogger - Using platform encoding (Cp1252 actually) to copy filtered resources, i.e. build is platform dependent!
2017-05-22 07:12:08,886 [Worker-0] INFO  o.e.m.c.i.embedder.EclipseLogger - skip non existing resourceDirectory F:\AngularJS Work\CRUD\AngularjsJAXRSCRUDExample-master\AngularjsJAXRSCRUDExample\src\main\resources
2017-05-22 07:12:08,891 [Worker-0] WARN  o.e.m.c.i.embedder.EclipseLogger - Using platform encoding (Cp1252 actually) to copy filtered resources, i.e. build is platform dependent!
2017-05-22 07:12:08,893 [Worker-0] INFO  o.e.m.c.i.embedder.EclipseLogger - skip non existing resourceDirectory F:\AngularJS Work\CRUD\AngularjsJAXRSCRUDExample-master\AngularjsJAXRSCRUDExample\src\test\resources
2017-05-22 07:12:10,376 [Worker-8] WARN  o.e.m.c.i.embedder.EclipseLogger - Using platform encoding (Cp1252 actually) to copy filtered resources, i.e. build is platform dependent!
2017-05-22 07:12:10,379 [Worker-8] INFO  o.e.m.c.i.embedder.EclipseLogger - skip non existing resourceDirectory F:\AngularJS Work\CRUD\AngularjsJAXRSCRUDExample-master\AngularjsJAXRSCRUDExample\src\main\resources
2017-05-22 07:12:10,387 [Worker-8] WARN  o.e.m.c.i.embedder.EclipseLogger - Using platform encoding (Cp1252 actually) to copy filtered resources, i.e. build is platform dependent!
2017-05-22 07:12:10,390 [Worker-8] INFO  o.e.m.c.i.embedder.EclipseLogger - skip non existing resourceDirectory F:\AngularJS Work\CRUD\AngularjsJAXRSCRUDExample-master\AngularjsJAXRSCRUDExample\src\test\resources
2017-05-22 07:15:46,163 [Worker-6] WARN  o.e.m.c.i.embedder.EclipseLogger - Using platform encoding (Cp1252 actually) to copy filtered resources, i.e. build is platform dependent!
2017-05-22 07:15:46,165 [Worker-6] INFO  o.e.m.c.i.embedder.EclipseLogger - skip non existing resourceDirectory F:\AngularJS Work\CRUD\AngularjsJAXRSCRUDExample-master\AngularjsJAXRSCRUDExample\src\main\resources
2017-05-22 07:15:46,173 [Worker-6] WARN  o.e.m.c.i.embedder.EclipseLogger - Using platform encoding (Cp1252 actually) to copy filtered resources, i.e. build is platform dependent!
2017-05-22 07:15:46,174 [Worker-6] INFO  o.e.m.c.i.embedder.EclipseLogger - skip non existing resourceDirectory F:\AngularJS Work\CRUD\AngularjsJAXRSCRUDExample-master\AngularjsJAXRSCRUDExample\src\test\resources
2017-05-22 07:16:48,201 [Worker-10] INFO  o.e.m.c.i.l.LifecycleMappingFactory - Using org.eclipse.m2e.jdt.JarLifecycleMapping lifecycle mapping for MavenProject: Spring4RESTAngularJS:Spring4RESTAngularJS:0.0.1-SNAPSHOT @ F:\AngularJS Work\CRUD\Spring4RESTAngularJS\pom.xml.
2017-05-22 07:16:48,525 [Worker-0] WARN  o.e.m.c.i.embedder.EclipseLogger - Using platform encoding (Cp1252 actually) to copy filtered resources, i.e. build is platform dependent!
2017-05-22 07:16:48,527 [Worker-0] INFO  o.e.m.c.i.embedder.EclipseLogger - skip non existing resourceDirectory F:\AngularJS Work\CRUD\Spring4RESTAngularJS\src\main\resources
2017-05-22 07:16:48,530 [Worker-0] WARN  o.e.m.c.i.embedder.EclipseLogger - Using platform encoding (Cp1252 actually) to copy filtered resources, i.e. build is platform dependent!
2017-05-22 07:16:48,532 [Worker-0] INFO  o.e.m.c.i.embedder.EclipseLogger - skip non existing resourceDirectory F:\AngularJS Work\CRUD\Spring4RESTAngularJS\src\test\resources
2017-05-22 07:16:48,811 [Worker-10] INFO  o.e.m.j.i.AbstractJavaProjectConfigurator - Adding source folder /Spring4RESTAngularJS/src/main/java
2017-05-22 07:16:48,813 [Worker-10] INFO  o.e.m.j.i.AbstractJavaProjectConfigurator - Adding source folder /Spring4RESTAngularJS/src/test/java
2017-05-22 07:16:49,478 [Worker-11] WARN  o.e.m.c.i.embedder.EclipseLogger - Using platform encoding (Cp1252 actually) to copy filtered resources, i.e. build is platform dependent!
2017-05-22 07:16:49,480 [Worker-11] INFO  o.e.m.c.i.embedder.EclipseLogger - skip non existing resourceDirectory F:\AngularJS Work\CRUD\Spring4RESTAngularJS\src\main\resources
2017-05-22 07:16:49,483 [Worker-11] WARN  o.e.m.c.i.embedder.EclipseLogger - Using platform encoding (Cp1252 actually) to copy filtered resources, i.e. build is platform dependent!
2017-05-22 07:16:49,484 [Worker-11] INFO  o.e.m.c.i.embedder.EclipseLogger - skip non existing resourceDirectory F:\AngularJS Work\CRUD\Spring4RESTAngularJS\src\test\resources
2017-05-22 07:16:49,498 [Worker-10] INFO  o.e.m.c.i.p.ProjectConfigurationManager - Update started
2017-05-22 07:16:51,382 [Worker-10] INFO  o.e.m.c.i.l.LifecycleMappingFactory - Using org.eclipse.m2e.jdt.JarLifecycleMapping lifecycle mapping for MavenProject: Spring4RESTAngularJS:Spring4RESTAngularJS:0.0.1-SNAPSHOT @ F:\AngularJS Work\CRUD\Spring4RESTAngularJS\pom.xml.
2017-05-22 07:16:51,932 [Worker-10] INFO  o.e.m.j.i.AbstractJavaProjectConfigurator - Adding source folder /Spring4RESTAngularJS/src/main/java
2017-05-22 07:16:51,933 [Worker-10] INFO  o.e.m.j.i.AbstractJavaProjectConfigurator - Adding source folder /Spring4RESTAngularJS/src/test/java
2017-05-22 07:16:52,080 [Worker-10] INFO  o.e.m.c.i.p.ProjectConfigurationManager - Update completed: 2 sec
2017-05-22 07:16:52,256 [Worker-11] WARN  o.e.m.c.i.embedder.EclipseLogger - Using platform encoding (Cp1252 actually) to copy filtered resources, i.e. build is platform dependent!
2017-05-22 07:16:52,257 [Worker-11] INFO  o.e.m.c.i.embedder.EclipseLogger - skip non existing resourceDirectory F:\AngularJS Work\CRUD\Spring4RESTAngularJS\src\main\resources
2017-05-22 07:16:52,260 [Worker-11] WARN  o.e.m.c.i.embedder.EclipseLogger - Using platform encoding (Cp1252 actually) to copy filtered resources, i.e. build is platform dependent!
2017-05-22 07:16:52,261 [Worker-11] INFO  o.e.m.c.i.embedder.EclipseLogger - skip non existing resourceDirectory F:\AngularJS Work\CRUD\Spring4RESTAngularJS\src\test\resources
2017-05-22 07:17:00,017 [Worker-7] INFO  o.e.m.c.i.p.ProjectConfigurationManager - Update started
2017-05-22 07:17:01,640 [Worker-7] INFO  o.e.m.c.i.l.LifecycleMappingFactory - Using org.eclipse.m2e.jdt.JarLifecycleMapping lifecycle mapping for MavenProject: Spring4RESTAngularJS:Spring4RESTAngularJS:0.0.1-SNAPSHOT @ F:\AngularJS Work\CRUD\Spring4RESTAngularJS\pom.xml.
2017-05-22 07:17:01,801 [Worker-7] INFO  o.e.m.j.i.AbstractJavaProjectConfigurator - Adding source folder /Spring4RESTAngularJS/src/main/java
2017-05-22 07:17:01,802 [Worker-7] INFO  o.e.m.j.i.AbstractJavaProjectConfigurator - Adding source folder /Spring4RESTAngularJS/src/test/java
2017-05-22 07:17:02,184 [Worker-7] INFO  o.e.m.c.i.p.ProjectConfigurationManager - Update completed: 2 sec
2017-05-22 07:17:02,363 [Worker-10] WARN  o.e.m.c.i.embedder.EclipseLogger - Using platform encoding (Cp1252 actually) to copy filtered resources, i.e. build is platform dependent!
2017-05-22 07:17:02,365 [Worker-10] INFO  o.e.m.c.i.embedder.EclipseLogger - skip non existing resourceDirectory F:\AngularJS Work\CRUD\Spring4RESTAngularJS\src\main\resources
2017-05-22 07:17:02,367 [Worker-10] WARN  o.e.m.c.i.embedder.EclipseLogger - Using platform encoding (Cp1252 actually) to copy filtered resources, i.e. build is platform dependent!
2017-05-22 07:17:02,369 [Worker-10] INFO  o.e.m.c.i.embedder.EclipseLogger - skip non existing resourceDirectory F:\AngularJS Work\CRUD\Spring4RESTAngularJS\src\test\resources
2017-05-22 07:17:07,091 [Worker-10] WARN  o.e.m.c.i.embedder.EclipseLogger - Using platform encoding (Cp1252 actually) to copy filtered resources, i.e. build is platform dependent!
2017-05-22 07:17:07,093 [Worker-10] INFO  o.e.m.c.i.embedder.EclipseLogger - skip non existing resourceDirectory F:\AngularJS Work\CRUD\AngularjsJAXRSCRUDExample-master\AngularjsJAXRSCRUDExample\src\main\resources
2017-05-22 07:17:07,099 [Worker-10] WARN  o.e.m.c.i.embedder.EclipseLogger - Using platform encoding (Cp1252 actually) to copy filtered resources, i.e. build is platform dependent!
2017-05-22 07:17:07,100 [Worker-10] INFO  o.e.m.c.i.embedder.EclipseLogger - skip non existing resourceDirectory F:\AngularJS Work\CRUD\AngularjsJAXRSCRUDExample-master\AngularjsJAXRSCRUDExample\src\test\resources
2017-05-22 07:17:07,123 [Worker-10] WARN  o.e.m.c.i.embedder.EclipseLogger - Using platform encoding (Cp1252 actually) to copy filtered resources, i.e. build is platform dependent!
2017-05-22 07:17:07,124 [Worker-10] INFO  o.e.m.c.i.embedder.EclipseLogger - skip non existing resourceDirectory F:\AngularJS Work\CRUD\Spring4RESTAngularJS\src\main\resources
2017-05-22 07:17:07,126 [Worker-10] WARN  o.e.m.c.i.embedder.EclipseLogger - Using platform encoding (Cp1252 actually) to copy filtered resources, i.e. build is platform dependent!
2017-05-22 07:17:07,128 [Worker-10] INFO  o.e.m.c.i.embedder.EclipseLogger - skip non existing resourceDirectory F:\AngularJS Work\CRUD\Spring4RESTAngularJS\src\test\resources
2017-05-22 07:24:51,783 [Worker-6] WARN  o.e.m.c.i.embedder.EclipseLogger - Using platform encoding (Cp1252 actually) to copy filtered resources, i.e. build is platform dependent!
2017-05-22 07:24:51,790 [Worker-6] INFO  o.e.m.c.i.embedder.EclipseLogger - skip non existing resourceDirectory F:\AngularJS Work\CRUD\AngularjsJAXRSCRUDExample-master\AngularjsJAXRSCRUDExample\src\main\resources
2017-05-22 07:24:51,794 [Worker-6] WARN  o.e.m.c.i.embedder.EclipseLogger - Using platform encoding (Cp1252 actually) to copy filtered resources, i.e. build is platform dependent!
2017-05-22 07:24:51,795 [Worker-6] INFO  o.e.m.c.i.embedder.EclipseLogger - skip non existing resourceDirectory F:\AngularJS Work\CRUD\AngularjsJAXRSCRUDExample-master\AngularjsJAXRSCRUDExample\src\test\resources
2017-05-22 07:48:56,689 [Worker-22] WARN  o.e.m.c.i.embedder.EclipseLogger - Using platform encoding (Cp1252 actually) to copy filtered resources, i.e. build is platform dependent!
2017-05-22 07:48:56,696 [Worker-22] INFO  o.e.m.c.i.embedder.EclipseLogger - skip non existing resourceDirectory F:\AngularJS Work\CRUD\AngularjsJAXRSCRUDExample-master\AngularjsJAXRSCRUDExample\src\main\resources
2017-05-22 07:48:56,700 [Worker-22] WARN  o.e.m.c.i.embedder.EclipseLogger - Using platform encoding (Cp1252 actually) to copy filtered resources, i.e. build is platform dependent!
2017-05-22 07:48:56,702 [Worker-22] INFO  o.e.m.c.i.embedder.EclipseLogger - skip non existing resourceDirectory F:\AngularJS Work\CRUD\AngularjsJAXRSCRUDExample-master\AngularjsJAXRSCRUDExample\src\test\resources
2017-05-22 07:49:09,482 [Worker-23] WARN  o.e.m.c.i.embedder.EclipseLogger - Using platform encoding (Cp1252 actually) to copy filtered resources, i.e. build is platform dependent!
2017-05-22 07:49:09,484 [Worker-23] INFO  o.e.m.c.i.embedder.EclipseLogger - skip non existing resourceDirectory F:\AngularJS Work\CRUD\AngularjsJAXRSCRUDExample-master\AngularjsJAXRSCRUDExample\src\main\resources
2017-05-22 07:49:09,487 [Worker-23] WARN  o.e.m.c.i.embedder.EclipseLogger - Using platform encoding (Cp1252 actually) to copy filtered resources, i.e. build is platform dependent!
2017-05-22 07:49:09,489 [Worker-23] INFO  o.e.m.c.i.embedder.EclipseLogger - skip non existing resourceDirectory F:\AngularJS Work\CRUD\AngularjsJAXRSCRUDExample-master\AngularjsJAXRSCRUDExample\src\test\resources
2017-05-22 07:54:02,444 [Worker-22] WARN  o.e.m.c.i.embedder.EclipseLogger - Using platform encoding (Cp1252 actually) to copy filtered resources, i.e. build is platform dependent!
2017-05-22 07:54:02,446 [Worker-22] INFO  o.e.m.c.i.embedder.EclipseLogger - skip non existing resourceDirectory F:\AngularJS Work\CRUD\AngularjsJAXRSCRUDExample-master\AngularjsJAXRSCRUDExample\src\main\resources
2017-05-22 07:54:02,467 [Worker-22] WARN  o.e.m.c.i.embedder.EclipseLogger - Using platform encoding (Cp1252 actually) to copy filtered resources, i.e. build is platform dependent!
2017-05-22 07:54:02,469 [Worker-22] INFO  o.e.m.c.i.embedder.EclipseLogger - skip non existing resourceDirectory F:\AngularJS Work\CRUD\AngularjsJAXRSCRUDExample-master\AngularjsJAXRSCRUDExample\src\test\resources
2017-05-23 00:02:01,682 [Worker-5] WARN  o.e.m.c.i.embedder.EclipseLogger - Using platform encoding (Cp1252 actually) to copy filtered resources, i.e. build is platform dependent!
2017-05-23 00:02:01,775 [Worker-5] INFO  o.e.m.c.i.embedder.EclipseLogger - skip non existing resourceDirectory F:\AngularJS Work\CRUD\AngularjsJAXRSCRUDExample-master\AngularjsJAXRSCRUDExample\src\main\resources
2017-05-23 00:02:01,782 [Worker-5] WARN  o.e.m.c.i.embedder.EclipseLogger - Using platform encoding (Cp1252 actually) to copy filtered resources, i.e. build is platform dependent!
2017-05-23 00:02:01,784 [Worker-5] INFO  o.e.m.c.i.embedder.EclipseLogger - skip non existing resourceDirectory F:\AngularJS Work\CRUD\AngularjsJAXRSCRUDExample-master\AngularjsJAXRSCRUDExample\src\test\resources
2017-05-23 00:31:08,684 [Worker-4] INFO  o.e.m.c.i.l.LifecycleMappingFactory - Using org.eclipse.m2e.jdt.JarLifecycleMapping lifecycle mapping for MavenProject: Spring4RESTAngularJS:Spring4RESTAngularJS:0.0.1-SNAPSHOT @ F:\AngularJS Work\CRUD\Spring4RESTAngularJS\pom.xml.
2017-05-23 01:00:08,904 [Worker-22] INFO  o.e.m.c.i.l.LifecycleMappingFactory - Using org.eclipse.m2e.jdt.JarLifecycleMapping lifecycle mapping for MavenProject: Spring4RESTAngularJS:Spring4RESTAngularJS:0.0.1-SNAPSHOT @ F:\AngularJS Work\CRUD\Spring4RESTAngularJS\pom.xml.
2017-05-23 05:13:53,489 [Worker-3] WARN  o.e.m.c.i.embedder.EclipseLogger - Using platform encoding (Cp1252 actually) to copy filtered resources, i.e. build is platform dependent!
2017-05-23 05:13:53,717 [Worker-3] INFO  o.e.m.c.i.embedder.EclipseLogger - skip non existing resourceDirectory F:\AngularJS Work\CRUD\AngularjsJAXRSCRUDExample-master\AngularjsJAXRSCRUDExample\src\main\resources
2017-05-23 05:13:53,722 [Worker-3] WARN  o.e.m.c.i.embedder.EclipseLogger - Using platform encoding (Cp1252 actually) to copy filtered resources, i.e. build is platform dependent!
2017-05-23 05:13:53,723 [Worker-3] INFO  o.e.m.c.i.embedder.EclipseLogger - skip non existing resourceDirectory F:\AngularJS Work\CRUD\AngularjsJAXRSCRUDExample-master\AngularjsJAXRSCRUDExample\src\test\resources
2017-05-27 05:23:26,961 [Worker-1] WARN  o.e.m.c.i.embedder.EclipseLogger - Using platform encoding (Cp1252 actually) to copy filtered resources, i.e. build is platform dependent!
2017-05-27 05:23:27,395 [Worker-1] INFO  o.e.m.c.i.embedder.EclipseLogger - skip non existing resourceDirectory F:\AngularJS Work\CRUD\AngularjsJAXRSCRUDExample-master\AngularjsJAXRSCRUDExample\src\main\resources
2017-05-27 05:23:27,414 [Worker-1] WARN  o.e.m.c.i.embedder.EclipseLogger - Using platform encoding (Cp1252 actually) to copy filtered resources, i.e. build is platform dependent!
2017-05-27 05:23:27,415 [Worker-1] INFO  o.e.m.c.i.embedder.EclipseLogger - skip non existing resourceDirectory F:\AngularJS Work\CRUD\AngularjsJAXRSCRUDExample-master\AngularjsJAXRSCRUDExample\src\test\resources
2017-05-27 22:42:40,915 [Worker-2] WARN  o.e.m.c.i.embedder.EclipseLogger - Using platform encoding (Cp1252 actually) to copy filtered resources, i.e. build is platform dependent!
2017-05-27 22:42:40,946 [Worker-2] INFO  o.e.m.c.i.embedder.EclipseLogger - skip non existing resourceDirectory F:\AngularJS Work\CRUD\AngularjsJAXRSCRUDExample-master\AngularjsJAXRSCRUDExample\src\main\resources
2017-05-27 22:42:40,946 [Worker-2] WARN  o.e.m.c.i.embedder.EclipseLogger - Using platform encoding (Cp1252 actually) to copy filtered resources, i.e. build is platform dependent!
2017-05-27 22:42:40,962 [Worker-2] INFO  o.e.m.c.i.embedder.EclipseLogger - skip non existing resourceDirectory F:\AngularJS Work\CRUD\AngularjsJAXRSCRUDExample-master\AngularjsJAXRSCRUDExample\src\test\resources
2017-05-29 05:30:48,805 [Worker-4] WARN  o.e.m.c.i.embedder.EclipseLogger - Using platform encoding (Cp1252 actually) to copy filtered resources, i.e. build is platform dependent!
2017-05-29 05:30:48,841 [Worker-4] INFO  o.e.m.c.i.embedder.EclipseLogger - skip non existing resourceDirectory F:\AngularJS Work\CRUD\AngularjsJAXRSCRUDExample-master\AngularjsJAXRSCRUDExample\src\main\resources
2017-05-29 05:30:48,862 [Worker-4] WARN  o.e.m.c.i.embedder.EclipseLogger - Using platform encoding (Cp1252 actually) to copy filtered resources, i.e. build is platform dependent!
2017-05-29 05:30:48,863 [Worker-4] INFO  o.e.m.c.i.embedder.EclipseLogger - skip non existing resourceDirectory F:\AngularJS Work\CRUD\AngularjsJAXRSCRUDExample-master\AngularjsJAXRSCRUDExample\src\test\resources
